Using pre-set license
Built from '2020.2/staging' branch; Version is '2020.2.3f1 (8ff31bc5bf5b) revision 9433883'; Using compiler version '192528614'; Build Type 'Release'
OS: 'Windows 10 Pro; OS build 19042.985; Version 2009; 64bit' Language: 'ru' Physical Memory: 15791 MB
BatchMode: 1, IsHumanControllingUs: 0, StartBugReporterOnCrash: 0, Is64bit: 1, IsPro: 0

 COMMAND LINE ARGUMENTS:
C:\Program Files\Unity\Hub\Editor\2020.2.3f1\Editor\Unity.exe
-adb2
-batchMode
-noUpm
-name
AssetImportWorker1
-projectPath
D:/Dropbox (Личный)/Новая папка/RG Prototype 1
-logFile
Logs/AssetImportWorker1.log
-srvPort
50285
Successfully changed project path to: D:/Dropbox (Личный)/Новая папка/RG Prototype 1
D:/Dropbox (Личный)/Новая папка/RG Prototype 1
Using Asset Import Pipeline V2.
Refreshing native plugins compatible for Editor in 60.39 ms, found 1 plugins.
Preloading 0 native plugins for Editor in 0.00 ms.
Initialize engine version: 2020.2.3f1 (8ff31bc5bf5b)
[Subsystems] Discovering subsystems at path C:/Program Files/Unity/Hub/Editor/2020.2.3f1/Editor/Data/Resources/UnitySubsystems
[Subsystems] Discovering subsystems at path D:/Dropbox (Личный)/Новая папка/RG Prototype 1/Assets
GfxDevice: creating device client; threaded=0
Direct3D:
    Version:  Direct3D 11.0 [level 11.1]
    Renderer: AMD Radeon(TM) Graphics (ID=0x1636)
    Vendor:   
    VRAM:     7895 MB
    Driver:   27.20.11032.6002
Initialize mono
Mono path[0] = 'C:/Program Files/Unity/Hub/Editor/2020.2.3f1/Editor/Data/Managed'
Mono path[1] = 'C:/Program Files/Unity/Hub/Editor/2020.2.3f1/Editor/Data/MonoBleedingEdge/lib/mono/unityjit'
Mono config path = 'C:/Program Files/Unity/Hub/Editor/2020.2.3f1/Editor/Data/MonoBleedingEdge/etc'
Using monoOptions --debugger-agent=transport=dt_socket,embedding=1,server=y,suspend=n,address=127.0.0.1:56860
Begin MonoManager ReloadAssembly
Registering precompiled unity dll's ...
Register platform support module: C:/Program Files/Unity/Hub/Editor/2020.2.3f1/Editor/Data/PlaybackEngines/WindowsStandaloneSupport/UnityEditor.WindowsStandalone.Extensions.dll
Registered in 0.002441 seconds.
Native extension for WindowsStandalone target not found
Refreshing native plugins compatible for Editor in 76.70 ms, found 1 plugins.
Preloading 0 native plugins for Editor in 0.00 ms.
Invoked RoslynAnalysisRunner static constructor.
RoslynAnalysisRunner will not be running.
RoslynAnalysisRunner has terminated.
Mono: successfully reloaded assembly
- Completed reload, in  2.524 seconds
Platform modules already initialized, skipping
Registering precompiled user dll's ...
Registered in 0.000969 seconds.
Begin MonoManager ReloadAssembly
Native extension for WindowsStandalone target not found
Refreshing native plugins compatible for Editor in 55.19 ms, found 1 plugins.
Preloading 0 native plugins for Editor in 0.00 ms.
Invoked RoslynAnalysisRunner static constructor.
RoslynAnalysisRunner will not be running.
RoslynAnalysisRunner has terminated.
Mono: successfully reloaded assembly
- Completed reload, in  1.430 seconds
Platform modules already initialized, skipping
========================================================================
Worker process is ready to serve import requests
Launched and connected shader compiler UnityShaderCompiler.exe after 0.06 seconds
Refreshing native plugins compatible for Editor in 0.44 ms, found 1 plugins.
Preloading 0 native plugins for Editor in 0.00 ms.
Unloading 1792 Unused Serialized files (Serialized files now loaded: 0)
System memory in use before: 84.2 MB.
System memory in use after: 84.2 MB.

Unloading 24 unused Assets to reduce memory usage. Loaded Objects now: 2233.
Total: 2.841600 ms (FindLiveObjects: 0.236300 ms CreateObjectMapping: 0.083100 ms MarkObjects: 2.357900 ms  DeleteObjects: 0.162000 ms)

========================================================================
Received Import Request.
  path: Assets/Scenes
  artifactKey: Guid(8b32530329085a34ebe90420bc401b2e) Importer(815301076,1909f56bfc062723c751e8b465ee728b)
Start importing Assets/Scenes using Guid(8b32530329085a34ebe90420bc401b2e) Importer(815301076,1909f56bfc062723c751e8b465ee728b)  -> (artifact id: 'ada3a317e808b0835672ff696f4f3141') in 0.021062 seconds
  Import took 0.027049 seconds .

========================================================================
Received Import Request.
  Time since last request: 0.000329 seconds.
  path: Assets/Gothicvania Cemetery Artwork
  artifactKey: Guid(2b409ccdcb4fab24d885cc0c7fbbf957) Importer(815301076,1909f56bfc062723c751e8b465ee728b)
Start importing Assets/Gothicvania Cemetery Artwork using Guid(2b409ccdcb4fab24d885cc0c7fbbf957) Importer(815301076,1909f56bfc062723c751e8b465ee728b)  -> (artifact id: 'b4b6d680e1ddd9c240f89c42f3750ae2') in 0.014522 seconds
  Import took 0.020675 seconds .

========================================================================
Received Import Request.
  Time since last request: 0.847597 seconds.
  path: Assets/Gothicvania Cemetery Artwork/Sprites
  artifactKey: Guid(8a75078c371c446e788514d45d4e7c5c) Importer(815301076,1909f56bfc062723c751e8b465ee728b)
Start importing Assets/Gothicvania Cemetery Artwork/Sprites using Guid(8a75078c371c446e788514d45d4e7c5c) Importer(815301076,1909f56bfc062723c751e8b465ee728b)  -> (artifact id: 'a1c2b6b7641f06627b1f3d624ffedab7') in 0.014157 seconds
  Import took 0.019653 seconds .

========================================================================
Received Import Request.
  Time since last request: 1.052091 seconds.
  path: Assets/Gothicvania Cemetery Artwork/Environment
  artifactKey: Guid(a962f62f0695f486998bb7fbef833193) Importer(815301076,1909f56bfc062723c751e8b465ee728b)
Start importing Assets/Gothicvania Cemetery Artwork/Environment using Guid(a962f62f0695f486998bb7fbef833193) Importer(815301076,1909f56bfc062723c751e8b465ee728b)  -> (artifact id: 'c02831e717d26e0b3dac844b1e3dc488') in 0.014178 seconds
  Import took 0.019371 seconds .

========================================================================
Received Import Request.
  Time since last request: 1.282034 seconds.
  path: Assets/Gothicvania Cemetery Artwork/Environment/tileset-sliced.png
  artifactKey: Guid(297a514ba6a7c44e6a1eac9511e640e5) Importer(815301076,1909f56bfc062723c751e8b465ee728b)
Start importing Assets/Gothicvania Cemetery Artwork/Environment/tileset-sliced.png using Guid(297a514ba6a7c44e6a1eac9511e640e5) Importer(815301076,1909f56bfc062723c751e8b465ee728b)  -> (artifact id: '3eacf43d390f1917a347e647eb468138') in 0.483145 seconds
  Import took 0.489475 seconds .

========================================================================
Received Import Request.
  Time since last request: 0.000381 seconds.
  path: Assets/Gothicvania Cemetery Artwork/Environment/tileset.png
  artifactKey: Guid(4beee00ff01304c92a8c3ae5c089ef92) Importer(815301076,1909f56bfc062723c751e8b465ee728b)
Start importing Assets/Gothicvania Cemetery Artwork/Environment/tileset.png using Guid(4beee00ff01304c92a8c3ae5c089ef92) Importer(815301076,1909f56bfc062723c751e8b465ee728b)  -> (artifact id: 'bf4452ab1edee9835de05e5afdd662df') in 0.024239 seconds
  Import took 0.031321 seconds .

========================================================================
Received Import Request.
  Time since last request: 0.004602 seconds.
  path: Assets/Gothicvania Cemetery Artwork/Environment/tileset.png
  artifactKey: Guid(4beee00ff01304c92a8c3ae5c089ef92) Importer(815301076,1909f56bfc062723c751e8b465ee728b)
Start importing Assets/Gothicvania Cemetery Artwork/Environment/tileset.png using Guid(4beee00ff01304c92a8c3ae5c089ef92) Importer(815301076,1909f56bfc062723c751e8b465ee728b)  -> (artifact id: 'bf4452ab1edee9835de05e5afdd662df') in 0.014003 seconds
  Import took 0.019794 seconds .

========================================================================
Received Import Request.
  Time since last request: 49.644176 seconds.
  path: Assets/Gothicvania Cemetery Artwork/Environment/objects-Sheet.png
  artifactKey: Guid(d32d0aa35a58b4f7087cf029122e9820) Importer(815301076,1909f56bfc062723c751e8b465ee728b)
Start importing Assets/Gothicvania Cemetery Artwork/Environment/objects-Sheet.png using Guid(d32d0aa35a58b4f7087cf029122e9820) Importer(815301076,1909f56bfc062723c751e8b465ee728b)  -> (artifact id: '68c7e982a98d5f224ddaafaff6813680') in 0.023966 seconds
  Import took 0.029393 seconds .

========================================================================
Received Import Request.
  Time since last request: 156.730667 seconds.
  path: Assets/Gothicvania Cemetery Artwork/Environment/tileset-sliced.png
  artifactKey: Guid(297a514ba6a7c44e6a1eac9511e640e5) Importer(815301076,1909f56bfc062723c751e8b465ee728b)
Start importing Assets/Gothicvania Cemetery Artwork/Environment/tileset-sliced.png using Guid(297a514ba6a7c44e6a1eac9511e640e5) Importer(815301076,1909f56bfc062723c751e8b465ee728b)  -> (artifact id: '9197b8acf1447d9eb5dcf0b9fb9b8e9a') in 0.202589 seconds
  Import took 0.208509 seconds .

========================================================================
Received Import Request.
  Time since last request: 593.595387 seconds.
  path: Assets/Gothicvania Cemetery Artwork/Environment/tileset-sliced.png
  artifactKey: Guid(297a514ba6a7c44e6a1eac9511e640e5) Importer(815301076,1909f56bfc062723c751e8b465ee728b)
Start importing Assets/Gothicvania Cemetery Artwork/Environment/tileset-sliced.png using Guid(297a514ba6a7c44e6a1eac9511e640e5) Importer(815301076,1909f56bfc062723c751e8b465ee728b)  -> (artifact id: 'cd379f14a7f4bfefb4a281dbdd622366') in 0.059647 seconds
  Import took 0.065912 seconds .

========================================================================
Received Import Request.
  Time since last request: 262.359924 seconds.
  path: Assets/Gothicvania Cemetery Artwork/Environment/mountains.png
  artifactKey: Guid(392218c362ae54f0f95bcafd5379defd) Importer(815301076,1909f56bfc062723c751e8b465ee728b)
Start importing Assets/Gothicvania Cemetery Artwork/Environment/mountains.png using Guid(392218c362ae54f0f95bcafd5379defd) Importer(815301076,1909f56bfc062723c751e8b465ee728b)  -> (artifact id: '669330202551da4a6551d42424dfc4fe') in 0.020428 seconds
  Import took 0.025130 seconds .

========================================================================
Received Import Request.
  Time since last request: 1.139002 seconds.
  path: Assets/Gothicvania Cemetery Artwork/Environment/graveyard.png
  artifactKey: Guid(e3309b7d2ebaf41fa87c88817dbec1f1) Importer(815301076,1909f56bfc062723c751e8b465ee728b)
Start importing Assets/Gothicvania Cemetery Artwork/Environment/graveyard.png using Guid(e3309b7d2ebaf41fa87c88817dbec1f1) Importer(815301076,1909f56bfc062723c751e8b465ee728b)  -> (artifact id: 'e21674d6baa96e8c7e2bb9ceb4ae4493') in 0.027154 seconds
  Import took 0.032811 seconds .

========================================================================
Received Import Request.
  Time since last request: 8.867812 seconds.
  path: Assets/Gothicvania Cemetery Artwork/Environment/background.png
  artifactKey: Guid(df73b4bce81f34a13ad5c1760f1a7a40) Importer(815301076,1909f56bfc062723c751e8b465ee728b)
Start importing Assets/Gothicvania Cemetery Artwork/Environment/background.png using Guid(df73b4bce81f34a13ad5c1760f1a7a40) Importer(815301076,1909f56bfc062723c751e8b465ee728b)  -> (artifact id: '67a585ac1242cf9ddd1c12b0786bdc2a') in 0.024723 seconds
  Import took 0.031204 seconds .

========================================================================
Received Import Request.
  Time since last request: 0.000703 seconds.
  path: Assets/Gothicvania Cemetery Artwork/Environment/background.png
  artifactKey: Guid(df73b4bce81f34a13ad5c1760f1a7a40) Importer(815301076,1909f56bfc062723c751e8b465ee728b)
Start importing Assets/Gothicvania Cemetery Artwork/Environment/background.png using Guid(df73b4bce81f34a13ad5c1760f1a7a40) Importer(815301076,1909f56bfc062723c751e8b465ee728b)  -> (artifact id: '67a585ac1242cf9ddd1c12b0786bdc2a') in 0.022620 seconds
  Import took 0.029938 seconds .

========================================================================
Received Import Request.
  Time since last request: 2.967990 seconds.
  path: Assets/Gothicvania Cemetery Artwork/Environment/sliced-objects
  artifactKey: Guid(e716f3fd88bb44736b2bacf11a554769) Importer(815301076,1909f56bfc062723c751e8b465ee728b)
Start importing Assets/Gothicvania Cemetery Artwork/Environment/sliced-objects using Guid(e716f3fd88bb44736b2bacf11a554769) Importer(815301076,1909f56bfc062723c751e8b465ee728b)  -> (artifact id: 'fd59505b981bc344e80cce547ea25a1c') in 0.013973 seconds
  Import took 0.021543 seconds .

========================================================================
Received Import Request.
  Time since last request: 1.593259 seconds.
  path: Assets/Gothicvania Cemetery Artwork/Environment/sliced-objects/tree-3.png
  artifactKey: Guid(77adc8bfe31a0412fb512e6d9c444330) Importer(815301076,1909f56bfc062723c751e8b465ee728b)
Start importing Assets/Gothicvania Cemetery Artwork/Environment/sliced-objects/tree-3.png using Guid(77adc8bfe31a0412fb512e6d9c444330) Importer(815301076,1909f56bfc062723c751e8b465ee728b)  -> (artifact id: 'f99b48009ada5a837b54bf680b3d6614') in 0.026666 seconds
  Import took 0.032266 seconds .

========================================================================
Received Import Request.
  Time since last request: 0.524576 seconds.
  path: Assets/Gothicvania Cemetery Artwork/Environment/sliced-objects/tree-1.png
  artifactKey: Guid(eca112b76f20b46868ad86e0bd613dae) Importer(815301076,1909f56bfc062723c751e8b465ee728b)
Start importing Assets/Gothicvania Cemetery Artwork/Environment/sliced-objects/tree-1.png using Guid(eca112b76f20b46868ad86e0bd613dae) Importer(815301076,1909f56bfc062723c751e8b465ee728b)  -> (artifact id: 'd0022ed49ddb0bd3fadb8cca69fb7ef6') in 0.025463 seconds
  Import took 0.031894 seconds .

========================================================================
Received Import Request.
  Time since last request: 0.395872 seconds.
  path: Assets/Gothicvania Cemetery Artwork/Environment/sliced-objects/stone-2.png
  artifactKey: Guid(ccbc321d821ff4ee4bff372e6fae0f3d) Importer(815301076,1909f56bfc062723c751e8b465ee728b)
Start importing Assets/Gothicvania Cemetery Artwork/Environment/sliced-objects/stone-2.png using Guid(ccbc321d821ff4ee4bff372e6fae0f3d) Importer(815301076,1909f56bfc062723c751e8b465ee728b)  -> (artifact id: 'dd3038b2623e60f492a205e8a53c9d61') in 0.026565 seconds
  Import took 0.033180 seconds .

========================================================================
Received Import Request.
  Time since last request: 0.475960 seconds.
  path: Assets/Gothicvania Cemetery Artwork/Environment/sliced-objects/bush-small.png
  artifactKey: Guid(36d30963c1b6a4d4ab1c9d7a31b892b2) Importer(815301076,1909f56bfc062723c751e8b465ee728b)
Start importing Assets/Gothicvania Cemetery Artwork/Environment/sliced-objects/bush-small.png using Guid(36d30963c1b6a4d4ab1c9d7a31b892b2) Importer(815301076,1909f56bfc062723c751e8b465ee728b)  -> (artifact id: '9900ffd8497ef6ede24923d9ce1cd741') in 0.023705 seconds
  Import took 0.029494 seconds .

========================================================================
Received Import Request.
  Time since last request: 0.453395 seconds.
  path: Assets/Gothicvania Cemetery Artwork/Environment/sliced-objects/bush-large.png
  artifactKey: Guid(169c738601686406e9dc499aecfe1539) Importer(815301076,1909f56bfc062723c751e8b465ee728b)
Start importing Assets/Gothicvania Cemetery Artwork/Environment/sliced-objects/bush-large.png using Guid(169c738601686406e9dc499aecfe1539) Importer(815301076,1909f56bfc062723c751e8b465ee728b)  -> (artifact id: 'c3e72712dd129d184540047e59ece50b') in 0.016655 seconds
  Import took 0.020647 seconds .

========================================================================
Received Import Request.
  Time since last request: 7.489106 seconds.
  path: Assets/Gothicvania Cemetery Artwork/Sprites/skeleton-rise-clothed
  artifactKey: Guid(4a95a0ea901a346ff8f083e0699c0a2e) Importer(815301076,1909f56bfc062723c751e8b465ee728b)
Start importing Assets/Gothicvania Cemetery Artwork/Sprites/skeleton-rise-clothed using Guid(4a95a0ea901a346ff8f083e0699c0a2e) Importer(815301076,1909f56bfc062723c751e8b465ee728b)  -> (artifact id: '5344530c8195a9490e601d99608c114a') in 0.013104 seconds
  Import took 0.018530 seconds .

========================================================================
Received Import Request.
  Time since last request: 0.869621 seconds.
  path: Assets/Gothicvania Cemetery Artwork/Sprites/skeleton-rise-clothed/skeleton-rise-clothed-6.png
  artifactKey: Guid(ca87ac09c54d344189c647616db15797) Importer(815301076,1909f56bfc062723c751e8b465ee728b)
Start importing Assets/Gothicvania Cemetery Artwork/Sprites/skeleton-rise-clothed/skeleton-rise-clothed-6.png using Guid(ca87ac09c54d344189c647616db15797) Importer(815301076,1909f56bfc062723c751e8b465ee728b)  -> (artifact id: '409c2793da4aab9af944a2258aeac1a9') in 0.023430 seconds
  Import took 0.030473 seconds .

========================================================================
Received Import Request.
  Time since last request: 0.000935 seconds.
  path: Assets/Gothicvania Cemetery Artwork/Sprites/skeleton-rise-clothed/skeleton-rise-clothed-6.png
  artifactKey: Guid(ca87ac09c54d344189c647616db15797) Importer(815301076,1909f56bfc062723c751e8b465ee728b)
Start importing Assets/Gothicvania Cemetery Artwork/Sprites/skeleton-rise-clothed/skeleton-rise-clothed-6.png using Guid(ca87ac09c54d344189c647616db15797) Importer(815301076,1909f56bfc062723c751e8b465ee728b)  -> (artifact id: '409c2793da4aab9af944a2258aeac1a9') in 0.014250 seconds
  Import took 0.020031 seconds .

========================================================================
Received Import Request.
  Time since last request: 4.207499 seconds.
  path: Assets/Gothicvania Cemetery Artwork/Sprites/skeleton-rise-clothed/skeleton-rise-clothed-5.png
  artifactKey: Guid(6d4734b50e97f44faac533f157541747) Importer(815301076,1909f56bfc062723c751e8b465ee728b)
Start importing Assets/Gothicvania Cemetery Artwork/Sprites/skeleton-rise-clothed/skeleton-rise-clothed-5.png using Guid(6d4734b50e97f44faac533f157541747) Importer(815301076,1909f56bfc062723c751e8b465ee728b)  -> (artifact id: '679ecece4e70771dac96e8cc9b94e9f8') in 0.020904 seconds
  Import took 0.026842 seconds .

========================================================================
Received Import Request.
  Time since last request: 0.000663 seconds.
  path: Assets/Gothicvania Cemetery Artwork/Sprites/skeleton-rise-clothed/skeleton-rise-clothed-5.png
  artifactKey: Guid(6d4734b50e97f44faac533f157541747) Importer(815301076,1909f56bfc062723c751e8b465ee728b)
Start importing Assets/Gothicvania Cemetery Artwork/Sprites/skeleton-rise-clothed/skeleton-rise-clothed-5.png using Guid(6d4734b50e97f44faac533f157541747) Importer(815301076,1909f56bfc062723c751e8b465ee728b)  -> (artifact id: '679ecece4e70771dac96e8cc9b94e9f8') in 0.013062 seconds
  Import took 0.018166 seconds .

========================================================================
Received Import Request.
  Time since last request: 0.320301 seconds.
  path: Assets/Gothicvania Cemetery Artwork/Sprites/skeleton-rise-clothed/skeleton-rise-clothed-4.png
  artifactKey: Guid(ed345a60cd6d0486aa82504a9709b681) Importer(815301076,1909f56bfc062723c751e8b465ee728b)
Start importing Assets/Gothicvania Cemetery Artwork/Sprites/skeleton-rise-clothed/skeleton-rise-clothed-4.png using Guid(ed345a60cd6d0486aa82504a9709b681) Importer(815301076,1909f56bfc062723c751e8b465ee728b)  -> (artifact id: '6f5dffc90a7f9abb9bba342cac51eaa5') in 0.016161 seconds
  Import took 0.020366 seconds .

========================================================================
Received Import Request.
  Time since last request: 0.003627 seconds.
  path: Assets/Gothicvania Cemetery Artwork/Sprites/skeleton-rise-clothed/skeleton-rise-clothed-4.png
  artifactKey: Guid(ed345a60cd6d0486aa82504a9709b681) Importer(815301076,1909f56bfc062723c751e8b465ee728b)
Start importing Assets/Gothicvania Cemetery Artwork/Sprites/skeleton-rise-clothed/skeleton-rise-clothed-4.png using Guid(ed345a60cd6d0486aa82504a9709b681) Importer(815301076,1909f56bfc062723c751e8b465ee728b)  -> (artifact id: '6f5dffc90a7f9abb9bba342cac51eaa5') in 0.009448 seconds
  Import took 0.014336 seconds .

========================================================================
Received Import Request.
  Time since last request: 0.360320 seconds.
  path: Assets/Gothicvania Cemetery Artwork/Sprites/skeleton-rise-clothed/skeleton-rise-clothed-2.png
  artifactKey: Guid(9eaaf68ff0eb54a8ab06f31875a178f6) Importer(815301076,1909f56bfc062723c751e8b465ee728b)
Start importing Assets/Gothicvania Cemetery Artwork/Sprites/skeleton-rise-clothed/skeleton-rise-clothed-2.png using Guid(9eaaf68ff0eb54a8ab06f31875a178f6) Importer(815301076,1909f56bfc062723c751e8b465ee728b)  -> (artifact id: '9cf1c2c18fc505bcb55ed786003b84b5') in 0.020693 seconds
  Import took 0.025840 seconds .

========================================================================
Received Import Request.
  Time since last request: 0.653803 seconds.
  path: Assets/Gothicvania Cemetery Artwork/Sprites/skeleton-rise-clothed/skeleton-rise-clothed-1.png
  artifactKey: Guid(6cb7136c0ba4d493bbb512266a2e5b51) Importer(815301076,1909f56bfc062723c751e8b465ee728b)
Start importing Assets/Gothicvania Cemetery Artwork/Sprites/skeleton-rise-clothed/skeleton-rise-clothed-1.png using Guid(6cb7136c0ba4d493bbb512266a2e5b51) Importer(815301076,1909f56bfc062723c751e8b465ee728b)  -> (artifact id: '9f0bc28ef99e802c78eb519498ca7ecf') in 0.025331 seconds
  Import took 0.031080 seconds .

========================================================================
Received Import Request.
  Time since last request: 0.001995 seconds.
  path: Assets/Gothicvania Cemetery Artwork/Sprites/skeleton-rise-clothed/skeleton-rise-clothed-1.png
  artifactKey: Guid(6cb7136c0ba4d493bbb512266a2e5b51) Importer(815301076,1909f56bfc062723c751e8b465ee728b)
Start importing Assets/Gothicvania Cemetery Artwork/Sprites/skeleton-rise-clothed/skeleton-rise-clothed-1.png using Guid(6cb7136c0ba4d493bbb512266a2e5b51) Importer(815301076,1909f56bfc062723c751e8b465ee728b)  -> (artifact id: '9f0bc28ef99e802c78eb519498ca7ecf') in 0.012133 seconds
  Import took 0.017418 seconds .

========================================================================
Received Import Request.
  Time since last request: 6.182387 seconds.
  path: Assets/Gothicvania Cemetery Artwork/Scenes
  artifactKey: Guid(c6990c39af6f74a2f8880312d7dad451) Importer(815301076,1909f56bfc062723c751e8b465ee728b)
Start importing Assets/Gothicvania Cemetery Artwork/Scenes using Guid(c6990c39af6f74a2f8880312d7dad451) Importer(815301076,1909f56bfc062723c751e8b465ee728b)  -> (artifact id: '7977b97f746d1c8495db34ef2331cf31') in 0.004196 seconds
  Import took 0.009916 seconds .

========================================================================
Received Import Request.
  Time since last request: 16.326944 seconds.
  path: Assets/Gothicvania Cemetery Artwork/Sprites/enemy-death
  artifactKey: Guid(1c35552cb0c5d42869e254987f80bbc6) Importer(815301076,1909f56bfc062723c751e8b465ee728b)
Start importing Assets/Gothicvania Cemetery Artwork/Sprites/enemy-death using Guid(1c35552cb0c5d42869e254987f80bbc6) Importer(815301076,1909f56bfc062723c751e8b465ee728b)  -> (artifact id: '696a6d4d21b1c2f6781c757e78be69b7') in 0.012678 seconds
  Import took 0.018071 seconds .

========================================================================
Received Import Request.
  Time since last request: 1.042215 seconds.
  path: Assets/Gothicvania Cemetery Artwork/Sprites/enemy-death/enemy-death-1.png
  artifactKey: Guid(74a19e90cfc0c443d9b91064e41bf9e2) Importer(815301076,1909f56bfc062723c751e8b465ee728b)
Start importing Assets/Gothicvania Cemetery Artwork/Sprites/enemy-death/enemy-death-1.png using Guid(74a19e90cfc0c443d9b91064e41bf9e2) Importer(815301076,1909f56bfc062723c751e8b465ee728b)  -> (artifact id: '2be643d83b106d7a42413db5c75eb824') in 0.025775 seconds
  Import took 0.031422 seconds .

========================================================================
Received Import Request.
  Time since last request: 0.731436 seconds.
  path: Assets/Gothicvania Cemetery Artwork/Sprites/enemy-death/enemy-death-2.png
  artifactKey: Guid(c47945c92819e41d584c4aff1694e68f) Importer(815301076,1909f56bfc062723c751e8b465ee728b)
Start importing Assets/Gothicvania Cemetery Artwork/Sprites/enemy-death/enemy-death-2.png using Guid(c47945c92819e41d584c4aff1694e68f) Importer(815301076,1909f56bfc062723c751e8b465ee728b)  -> (artifact id: '8d97a968338881fe5180885d694b1f4c') in 0.018814 seconds
  Import took 0.024597 seconds .

========================================================================
Received Import Request.
  Time since last request: 0.001561 seconds.
  path: Assets/Gothicvania Cemetery Artwork/Sprites/enemy-death/enemy-death-2.png
  artifactKey: Guid(c47945c92819e41d584c4aff1694e68f) Importer(815301076,1909f56bfc062723c751e8b465ee728b)
Start importing Assets/Gothicvania Cemetery Artwork/Sprites/enemy-death/enemy-death-2.png using Guid(c47945c92819e41d584c4aff1694e68f) Importer(815301076,1909f56bfc062723c751e8b465ee728b)  -> (artifact id: '8d97a968338881fe5180885d694b1f4c') in 0.011596 seconds
  Import took 0.018055 seconds .

========================================================================
Received Import Request.
  Time since last request: 0.717889 seconds.
  path: Assets/Gothicvania Cemetery Artwork/Sprites/enemy-death/enemy-death-3.png
  artifactKey: Guid(38ead65714fcf4c52b5b031a59cb4a83) Importer(815301076,1909f56bfc062723c751e8b465ee728b)
Start importing Assets/Gothicvania Cemetery Artwork/Sprites/enemy-death/enemy-death-3.png using Guid(38ead65714fcf4c52b5b031a59cb4a83) Importer(815301076,1909f56bfc062723c751e8b465ee728b)  -> (artifact id: 'f356c6b88d5ce172e8bc217e983c04d3') in 0.018519 seconds
  Import took 0.024286 seconds .

========================================================================
Received Import Request.
  Time since last request: 0.002369 seconds.
  path: Assets/Gothicvania Cemetery Artwork/Sprites/enemy-death/enemy-death-3.png
  artifactKey: Guid(38ead65714fcf4c52b5b031a59cb4a83) Importer(815301076,1909f56bfc062723c751e8b465ee728b)
Start importing Assets/Gothicvania Cemetery Artwork/Sprites/enemy-death/enemy-death-3.png using Guid(38ead65714fcf4c52b5b031a59cb4a83) Importer(815301076,1909f56bfc062723c751e8b465ee728b)  -> (artifact id: 'f356c6b88d5ce172e8bc217e983c04d3') in 0.011830 seconds
  Import took 0.017441 seconds .

========================================================================
Received Import Request.
  Time since last request: 0.506703 seconds.
  path: Assets/Gothicvania Cemetery Artwork/Sprites/enemy-death/enemy-death-4.png
  artifactKey: Guid(c81d4f5e629154ef9bf7c5b3cad8f9d8) Importer(815301076,1909f56bfc062723c751e8b465ee728b)
Start importing Assets/Gothicvania Cemetery Artwork/Sprites/enemy-death/enemy-death-4.png using Guid(c81d4f5e629154ef9bf7c5b3cad8f9d8) Importer(815301076,1909f56bfc062723c751e8b465ee728b)  -> (artifact id: '3d71a0b81394d18c8afb0f2f709d1d60') in 0.025598 seconds
  Import took 0.031370 seconds .

========================================================================
Received Import Request.
  Time since last request: 0.000434 seconds.
  path: Assets/Gothicvania Cemetery Artwork/Sprites/enemy-death/enemy-death-4.png
  artifactKey: Guid(c81d4f5e629154ef9bf7c5b3cad8f9d8) Importer(815301076,1909f56bfc062723c751e8b465ee728b)
Start importing Assets/Gothicvania Cemetery Artwork/Sprites/enemy-death/enemy-death-4.png using Guid(c81d4f5e629154ef9bf7c5b3cad8f9d8) Importer(815301076,1909f56bfc062723c751e8b465ee728b)  -> (artifact id: '3d71a0b81394d18c8afb0f2f709d1d60') in 0.013702 seconds
  Import took 0.019487 seconds .

========================================================================
Received Import Request.
  Time since last request: 3.862700 seconds.
  path: Assets/Gothicvania Cemetery Artwork/Sprites/enemy-death/enemy-death-5.png
  artifactKey: Guid(7822739229de84cdfba177d2ae9b4529) Importer(815301076,1909f56bfc062723c751e8b465ee728b)
Start importing Assets/Gothicvania Cemetery Artwork/Sprites/enemy-death/enemy-death-5.png using Guid(7822739229de84cdfba177d2ae9b4529) Importer(815301076,1909f56bfc062723c751e8b465ee728b)  -> (artifact id: 'f64d168d640e73cdd46e93be0aa2f6ff') in 0.023203 seconds
  Import took 0.028256 seconds .

AssetImportWorkerClient::OnTransportError - code=2 error=End of file
